<?xml version="1.0" encoding="UTF-8"?>
<!-- Generated by org.testng.reporters.JUnitXMLReporter -->
<testsuite ignored="2" hostname="LAPTOP-M5R7BE59" failures="0" tests="5" name="Car Loan" time="0.057" errors="0" timestamp="2025-05-01T18:17:42 ICT">
  <testcase classname="test.day3" name="MobileLoginCarLoan" time="0.004"/>
  <testcase classname="test.day3" name="MobileSignoutCarLoan" time="0.003"/>
  <testcase classname="test.day3" name="MobileSignoutCarLoan" time="0.001"/>
  <testcase classname="test.day3" name="MobileSignoutCarLoan" time="0.0"/>
  <testcase classname="test.day3" name="WebloginCarLoan" time="0.001"/>
  <testcase classname="test.day3" name="MobileSignInCarLoan" time="0.0">
    <ignored/>
  </testcase> <!-- MobileSignInCarLoan -->
  <testcase classname="test.day3" name="APICarLoan" time="0.0">
    <ignored/>
  </testcase> <!-- APICarLoan -->
</testsuite> <!-- Car Loan -->
