<?xml version="1.0" encoding="UTF-8"?>
<!-- Generated by org.testng.reporters.JUnitXMLReporter -->
<testsuite ignored="8" hostname="LAPTOP-M5R7BE59" failures="0" tests="3" name="Regression" time="0.065" errors="0" timestamp="2025-04-28T18:47:20 ICT">
  <testcase classname="test.day2" name="ploan" time="0.01"/>
  <testcase classname="test.day4" name="MobileLoginHomeLoan" time="0.002"/>
  <testcase classname="test.day3" name="MobileLoginCarLoan" time="0.001"/>
  <testcase classname="test.day4" name="LoginAPIHomeLoan" time="0.0">
    <ignored/>
  </testcase> <!-- LoginAPIHomeLoan -->
  <testcase classname="test.day3" name="WebloginCarLoan" time="0.0">
    <ignored/>
  </testcase> <!-- WebloginCarLoan -->
  <testcase classname="test.day1" name="Demo" time="0.0">
    <ignored/>
  </testcase> <!-- Demo -->
  <testcase classname="test.day4" name="WebloginHomeLoan" time="0.0">
    <ignored/>
  </testcase> <!-- WebloginHomeLoan -->
  <testcase classname="test.day3" name="MobileSignInCarLoan" time="0.0">
    <ignored/>
  </testcase> <!-- MobileSignInCarLoan -->
  <testcase classname="test.day1" name="SecondTest" time="0.0">
    <ignored/>
  </testcase> <!-- SecondTest -->
  <testcase classname="test.day3" name="APICarLoan" time="0.0">
    <ignored/>
  </testcase> <!-- APICarLoan -->
  <testcase classname="test.day3" name="MobileSignoutCarLoan" time="0.0">
    <ignored/>
  </testcase> <!-- MobileSignoutCarLoan -->
</testsuite> <!-- Regression -->
