<?xml version="1.0" encoding="UTF-8"?>
<!-- Generated by org.testng.reporters.JUnitXMLReporter -->
<testsuite ignored="1" hostname="LAPTOP-M5R7BE59" failures="0" tests="4" name="Default test" time="0.061" errors="0" timestamp="2025-04-28T22:54:01 ICT">
  <testcase classname="test.day3" name="MobileSignoutCarLoan" time="0.007"/>
  <testcase classname="test.day3" name="WebloginCarLoan" time="0.001"/>
  <testcase classname="test.day3" name="MobileLoginCarLoan" time="0.001"/>
  <testcase classname="test.day3" name="APICarLoan" time="0.001"/>
  <testcase classname="test.day3" name="MobileSignInCarLoan" time="0.0">
    <ignored/>
  </testcase> <!-- MobileSignInCarLoan -->
</testsuite> <!-- Default test -->
