<?xml version="1.0" encoding="UTF-8"?>
<!-- Generated by org.testng.reporters.JUnitXMLReporter -->
<testsuite ignored="0" hostname="LAPTOP-M5R7BE59" failures="0" tests="3" name="Submit Order Test" time="40.778" errors="0" timestamp="2025-05-23T14:12:44 ICT">
  <testcase classname="datnd.tests.SubmitOderTest" name="submitOrder" time="3.198"/>
  <testcase classname="datnd.tests.SubmitOderTest" name="submitOrder" time="3.025"/>
  <testcase classname="datnd.tests.SubmitOderTest" name="OrderHistoryTest" time="0.628"/>
</testsuite> <!-- Submit Order Test -->
