<?xml version="1.0" encoding="UTF-8"?>
<!-- Generated by org.testng.reporters.JUnitXMLReporter -->
<testsuite ignored="2" hostname="LAPTOP-M5R7BE59" failures="0" tests="0" time="0.009" errors="0" timestamp="2025-05-04T00:00:05 ICT">
  <testcase classname="datnd.tests.SubmitOderTest" name="OrderHistoryTest" time="0.0">
    <ignored/>
  </testcase> <!-- OrderHistoryTest -->
  <testcase classname="datnd.tests.SubmitOderTest" name="submitOrder" time="0.0">
    <ignored/>
  </testcase> <!-- submitOrder -->
</testsuite>
